Unity Editor version:    2020.3.18f1 (a7d1c678663c)
Branch:                  2020.3/staging
Build type:              Release
Batch mode:              YES
macOS version:           Version 12.2.1 (Build 21D62)
Darwin version:          21.3.0
Architecture:            x86_64
Running under Rosetta:   NO
Available memory:        16384 MB
Using pre-set license
Pro License: NO

COMMAND LINE ARGUMENTS:
/Users/hamiltongilbert/Documents/Unity/2020.3.18f1/Unity.app/Contents/MacOS/Unity
-adb2
-batchMode
-noUpm
-name
AssetImportWorker0
-projectPath
/Users/hamiltongilbert/Documents/GitHub/Roll-A-Ball/Roll A Ball
-logFile
Logs/AssetImportWorker0.log
-srvPort
51560
Successfully changed project path to: /Users/hamiltongilbert/Documents/GitHub/Roll-A-Ball/Roll A Ball
/Users/hamiltongilbert/Documents/GitHub/Roll-A-Ball/Roll A Ball
Using Asset Import Pipeline V2.
Refreshing native plugins compatible for Editor in 53.26 ms, found 2 plugins.
Preloading 0 native plugins for Editor in 0.00 ms.
Initialize engine version: 2020.3.18f1 (a7d1c678663c)
[Subsystems] Discovering subsystems at path /Users/hamiltongilbert/Documents/Unity/2020.3.18f1/Unity.app/Contents/Resources/UnitySubsystems
[Subsystems] Discovering subsystems at path /Users/hamiltongilbert/Documents/GitHub/Roll-A-Ball/Roll A Ball/Assets
GfxDevice: creating device client; threaded=0
2022-02-23 18:39:26.027 Unity[4643:128027] Color LCD preferred device: Intel(R) Iris(TM) Plus Graphics (low power)
2022-02-23 18:39:26.027 Unity[4643:128027] Metal devices available: 1
2022-02-23 18:39:26.027 Unity[4643:128027] 0: Intel(R) Iris(TM) Plus Graphics (low power)
2022-02-23 18:39:26.027 Unity[4643:128027] Using device Intel(R) Iris(TM) Plus Graphics (low power)
Initializing Metal device caps: Intel(R) Iris(TM) Plus Graphics
Initialize mono
Mono path[0] = '/Users/hamiltongilbert/Documents/Unity/2020.3.18f1/Unity.app/Contents/Managed'
Mono path[1] = '/Users/hamiltongilbert/Documents/Unity/2020.3.18f1/Unity.app/Contents/MonoBleedingEdge/lib/mono/unityjit'
Mono config path = '/Users/hamiltongilbert/Documents/Unity/2020.3.18f1/Unity.app/Contents/MonoBleedingEdge/etc'
Using monoOptions --debugger-agent=transport=dt_socket,embedding=1,server=y,suspend=n,address=127.0.0.1:56643
Begin MonoManager ReloadAssembly
Registering precompiled unity dll's ...
Register platform support module: /Users/hamiltongilbert/Documents/Unity/2020.3.18f1/PlaybackEngines/WebGLSupport/UnityEditor.WebGL.Extensions.dll
Register platform support module: /Users/hamiltongilbert/Documents/Unity/2020.3.18f1/Unity.app/Contents/PlaybackEngines/MacStandaloneSupport/UnityEditor.OSXStandalone.Extensions.dll
Register platform support module: /Users/hamiltongilbert/Documents/Unity/2020.3.18f1/PlaybackEngines/WindowsStandaloneSupport/UnityEditor.WindowsStandalone.Extensions.dll
Registered in 0.001466 seconds.
Native extension for WindowsStandalone target not found
Native extension for OSXStandalone target not found
Native extension for WebGL target not found
Refreshing native plugins compatible for Editor in 48.22 ms, found 2 plugins.
Preloading 0 native plugins for Editor in 0.00 ms.
Mono: successfully reloaded assembly
- Completed reload, in  2.986 seconds
Domain Reload Profiling:
	ReloadAssembly (2987ms)
		BeginReloadAssembly (63ms)
			ExecutionOrderSort (0ms)
			DisableScriptedObjects (0ms)
			BackupInstance (0ms)
			ReleaseScriptingObjects (0ms)
			CreateAndSetChildDomain (1ms)
		EndReloadAssembly (766ms)
			LoadAssemblies (67ms)
			RebuildTransferFunctionScriptingTraits (0ms)
			SetupTypeCache (275ms)
			ReleaseScriptCaches (0ms)
			RebuildScriptCaches (60ms)
			SetupLoadedEditorAssemblies (339ms)
				LogAssemblyErrors (0ms)
				InitializePlatformSupportModulesInManaged (8ms)
				SetLoadedEditorAssemblies (0ms)
				RefreshPlugins (48ms)
				BeforeProcessingInitializeOnLoad (51ms)
				ProcessInitializeOnLoadAttributes (179ms)
				ProcessInitializeOnLoadMethodAttributes (52ms)
				AfterProcessingInitializeOnLoad (0ms)
				EditorAssembliesLoaded (0ms)
			ExecutionOrderSort2 (0ms)
			AwakeInstancesAfterBackupRestoration (0ms)
Platform modules already initialized, skipping
Registering precompiled user dll's ...
Registered in 0.001600 seconds.
Begin MonoManager ReloadAssembly
Native extension for WindowsStandalone target not found
Native extension for OSXStandalone target not found
Native extension for WebGL target not found
Refreshing native plugins compatible for Editor in 0.35 ms, found 2 plugins.
Preloading 0 native plugins for Editor in 0.00 ms.
Mono: successfully reloaded assembly
- Completed reload, in  1.918 seconds
Domain Reload Profiling:
	ReloadAssembly (1919ms)
		BeginReloadAssembly (217ms)
			ExecutionOrderSort (0ms)
			DisableScriptedObjects (8ms)
			BackupInstance (0ms)
			ReleaseScriptingObjects (0ms)
			CreateAndSetChildDomain (32ms)
		EndReloadAssembly (1589ms)
			LoadAssemblies (110ms)
			RebuildTransferFunctionScriptingTraits (0ms)
			SetupTypeCache (531ms)
			ReleaseScriptCaches (1ms)
			RebuildScriptCaches (95ms)
			SetupLoadedEditorAssemblies (634ms)
				LogAssemblyErrors (0ms)
				InitializePlatformSupportModulesInManaged (11ms)
				SetLoadedEditorAssemblies (1ms)
				RefreshPlugins (0ms)
				BeforeProcessingInitializeOnLoad (149ms)
				ProcessInitializeOnLoadAttributes (461ms)
				ProcessInitializeOnLoadMethodAttributes (9ms)
				AfterProcessingInitializeOnLoad (2ms)
				EditorAssembliesLoaded (1ms)
			ExecutionOrderSort2 (0ms)
			AwakeInstancesAfterBackupRestoration (13ms)
Platform modules already initialized, skipping
Validating Project structure ... 0.000348 seconds.
Shader import version has changed; will reimport all shaders...
Upgrading shader files ...0.000446 seconds.
Application.AssetDatabase Initial Script Refresh Start
RefreshInfo: InitialScriptRefreshV2(NoUpdateAssetOptions) scanfilter:  ... 1 filters
RefreshProfiler: Total: 0.000ms
Application.AssetDatabase Initial Script Refresh End
Application.AssetDatabase.Refresh Start
Application.AssetDatabase.Refresh End
RefreshInfo: StopAssetImportingV2(ForceSynchronousImport) scanfilter: 
RefreshProfiler: Total: 0.000ms
Launching external process: /Users/hamiltongilbert/Documents/Unity/2020.3.18f1/Unity.app/Contents/Tools/UnityShaderCompiler
Launched and connected shader compiler UnityShaderCompiler after 0.02 seconds
Initializing Unity extensions:
2022-02-23 18:39:32.609 Unity[4643:128027] NSEventModifierFlagFunction specified to -setKeyEquivalentModifierMask: for item <NSMenuItem: 0x600000c56ca0 Font Asset, ke='Command-F12'>, but is only supported for system-provided menu items; will not be used
2022-02-23 18:39:32.615 Unity[4643:128027] NSEventModifierFlagFunction specified to -setKeyEquivalentModifierMask: for item <NSMenuItem: 0x600000c780e0 Font Asset, ke='Command-F12'>, but is only supported for system-provided menu items; will not be used
========================================================================
Worker process is ready to serve import requests
Refreshing native plugins compatible for Editor in 0.50 ms, found 2 plugins.
Preloading 0 native plugins for Editor in 0.00 ms.
Unloading 1397 Unused Serialized files (Serialized files now loaded: 0)
System memory in use before: 160.7 MB.
System memory in use after: 159.9 MB.

Unloading 77 unused Assets to reduce memory usage. Loaded Objects now: 1871.
Total: 5.724412 ms (FindLiveObjects: 0.256981 ms CreateObjectMapping: 0.091842 ms MarkObjects: 4.535461 ms  DeleteObjects: 0.836557 ms)

AssetImportParameters requested are different than current active one (requested -> active):
  custom:video-decoder-ogg-theora: a1e56fd34408186e4bbccfd4996cb3dc -> 
  custom:container-muxer-webm: aa71ff27fc2769a1b78a27578f13a17b -> 
  custom:container-demuxer-webm: 4f35f7cbe854078d1ac9338744f61a02 -> 
  custom:container-demuxer-ogg: 62fdf1f143b41e24485cea50d1cbac27 -> 
  custom:video-encoder-webm-vp8: eb34c28f22e8b96e1ab97ce403110664 -> 
  custom:framework-osx-AVFoundation: e770b220cccbd017edd2c1fefb359320 -> 
  custom:video-decoder-webm-vp8: 9c59270c3fd7afecdb556c50c9e8de78 -> 
  custom:audio-decoder-ogg-vorbis: bf7c407c2cedff20999df2af8eb42d56 -> 
  custom:audio-encoder-webm-vorbis: bf7c407c2cedff20999df2af8eb42d56 -> 
========================================================================
Received Import Request.
  path: Assets/Scenes
  artifactKey: Guid(44b4c8913411340dbb11b81895107627) Importer(815301076,1909f56bfc062723c751e8b465ee728b)
Start importing Assets/Scenes using Guid(44b4c8913411340dbb11b81895107627) Importer(815301076,1909f56bfc062723c751e8b465ee728b)  -> (artifact id: '947d8f216139e6f46c80383f0001d7d2') in 0.005938 seconds 
  Import took 0.009402 seconds .

========================================================================
Received Import Request.
  Time since last request: 463.822905 seconds.
  path: Assets/Materials
  artifactKey: Guid(4c3a134b5ec334fe19fd0fc6d90a46fc) Importer(815301076,1909f56bfc062723c751e8b465ee728b)
Start importing Assets/Materials using Guid(4c3a134b5ec334fe19fd0fc6d90a46fc) Importer(815301076,1909f56bfc062723c751e8b465ee728b)  -> (artifact id: '33bff73d1bb28af8e325eee8eda387af') in 0.002648 seconds 
  Import took 0.006583 seconds .

========================================================================
Received Import Request.
  Time since last request: 16.285072 seconds.
  path: Assets/Materials/New Material.mat
  artifactKey: Guid(d776266f0d24248d8bf521fffb1004c7) Importer(815301076,1909f56bfc062723c751e8b465ee728b)
Start importing Assets/Materials/New Material.mat using Guid(d776266f0d24248d8bf521fffb1004c7) Importer(815301076,1909f56bfc062723c751e8b465ee728b)  -> (artifact id: '50bf0f6cf88623542155f3e6d8875425') in 1.696055 seconds 
  Import took 1.699285 seconds .

========================================================================
Received Import Request.
  Time since last request: 54.696635 seconds.
  path: Assets/Materials/Player.mat
  artifactKey: Guid(022014032f2554e789468a960705cf7a) Importer(815301076,1909f56bfc062723c751e8b465ee728b)
Start importing Assets/Materials/Player.mat using Guid(022014032f2554e789468a960705cf7a) Importer(815301076,1909f56bfc062723c751e8b465ee728b)  -> (artifact id: '567b21114fe34e320c9f235651bb6930') in 0.014167 seconds 
  Import took 0.016753 seconds .

========================================================================
Received Import Request.
  Time since last request: 6.603187 seconds.
  path: Assets/Materials/Background.mat
  artifactKey: Guid(d776266f0d24248d8bf521fffb1004c7) Importer(815301076,1909f56bfc062723c751e8b465ee728b)
Start importing Assets/Materials/Background.mat using Guid(d776266f0d24248d8bf521fffb1004c7) Importer(815301076,1909f56bfc062723c751e8b465ee728b)  -> (artifact id: '775f2de880043dcdf38da295b1948567') in 0.015731 seconds 
  Import took 0.019135 seconds .

