Using pre-set license
Built from '2020.3/staging' branch; Version is '2020.3.18f1 (a7d1c678663c) revision 10998214'; Using compiler version '192528614'; Build Type 'Release'
OS: 'Windows 10 Home; OS build 19043.1526; Version 2009; 64bit' Language: 'en' Physical Memory: 16312 MB
BatchMode: 1, IsHumanControllingUs: 0, StartBugReporterOnCrash: 0, Is64bit: 1, IsPro: 0

COMMAND LINE ARGUMENTS:
C:\Program Files\Unity\Editor\Unity.exe
-adb2
-batchMode
-noUpm
-name
AssetImportWorker0
-projectPath
C:/Users/hamil/OneDrive/Documents/GitHub/Roll-A-Ball/Roll A Ball
-logFile
Logs/AssetImportWorker0.log
-srvPort
62743
Successfully changed project path to: C:/Users/hamil/OneDrive/Documents/GitHub/Roll-A-Ball/Roll A Ball
C:/Users/hamil/OneDrive/Documents/GitHub/Roll-A-Ball/Roll A Ball
Using Asset Import Pipeline V2.
Refreshing native plugins compatible for Editor in 30.35 ms, found 2 plugins.
Preloading 0 native plugins for Editor in 0.00 ms.
Initialize engine version: 2020.3.18f1 (a7d1c678663c)
[Subsystems] Discovering subsystems at path C:/Program Files/Unity/Editor/Data/Resources/UnitySubsystems
[Subsystems] Discovering subsystems at path C:/Users/hamil/OneDrive/Documents/GitHub/Roll-A-Ball/Roll A Ball/Assets
GfxDevice: creating device client; threaded=0
Direct3D:
    Version:  Direct3D 11.0 [level 11.1]
    Renderer: NVIDIA GeForce RTX 2060 (ID=0x1f08)
    Vendor:   
    VRAM:     5980 MB
    Driver:   27.21.14.6109
Initialize mono
Mono path[0] = 'C:/Program Files/Unity/Editor/Data/Managed'
Mono path[1] = 'C:/Program Files/Unity/Editor/Data/MonoBleedingEdge/lib/mono/unityjit'
Mono config path = 'C:/Program Files/Unity/Editor/Data/MonoBleedingEdge/etc'
Using monoOptions --debugger-agent=transport=dt_socket,embedding=1,server=y,suspend=n,address=127.0.0.1:56592
Begin MonoManager ReloadAssembly
Registering precompiled unity dll's ...
Register platform support module: C:/Program Files/Unity/Editor/Data/PlaybackEngines/WindowsStandaloneSupport/UnityEditor.WindowsStandalone.Extensions.dll
Registered in 0.001638 seconds.
Native extension for WindowsStandalone target not found
Refreshing native plugins compatible for Editor in 30.45 ms, found 2 plugins.
Preloading 0 native plugins for Editor in 0.00 ms.
Mono: successfully reloaded assembly
- Completed reload, in  0.802 seconds
Domain Reload Profiling:
	ReloadAssembly (803ms)
		BeginReloadAssembly (42ms)
			ExecutionOrderSort (0ms)
			DisableScriptedObjects (0ms)
			BackupInstance (0ms)
			ReleaseScriptingObjects (0ms)
			CreateAndSetChildDomain (1ms)
		EndReloadAssembly (323ms)
			LoadAssemblies (40ms)
			RebuildTransferFunctionScriptingTraits (0ms)
			SetupTypeCache (115ms)
			ReleaseScriptCaches (0ms)
			RebuildScriptCaches (24ms)
			SetupLoadedEditorAssemblies (129ms)
				LogAssemblyErrors (0ms)
				InitializePlatformSupportModulesInManaged (3ms)
				SetLoadedEditorAssemblies (0ms)
				RefreshPlugins (31ms)
				BeforeProcessingInitializeOnLoad (13ms)
				ProcessInitializeOnLoadAttributes (60ms)
				ProcessInitializeOnLoadMethodAttributes (21ms)
				AfterProcessingInitializeOnLoad (0ms)
				EditorAssembliesLoaded (0ms)
			ExecutionOrderSort2 (0ms)
			AwakeInstancesAfterBackupRestoration (0ms)
Platform modules already initialized, skipping
Registering precompiled user dll's ...
Registered in 0.002400 seconds.
Begin MonoManager ReloadAssembly
Native extension for WindowsStandalone target not found
Refreshing native plugins compatible for Editor in 29.62 ms, found 2 plugins.
Preloading 0 native plugins for Editor in 0.00 ms.
Mono: successfully reloaded assembly
- Completed reload, in  0.853 seconds
Domain Reload Profiling:
	ReloadAssembly (854ms)
		BeginReloadAssembly (117ms)
			ExecutionOrderSort (0ms)
			DisableScriptedObjects (4ms)
			BackupInstance (0ms)
			ReleaseScriptingObjects (0ms)
			CreateAndSetChildDomain (15ms)
		EndReloadAssembly (686ms)
			LoadAssemblies (66ms)
			RebuildTransferFunctionScriptingTraits (0ms)
			SetupTypeCache (215ms)
			ReleaseScriptCaches (0ms)
			RebuildScriptCaches (35ms)
			SetupLoadedEditorAssemblies (274ms)
				LogAssemblyErrors (0ms)
				InitializePlatformSupportModulesInManaged (3ms)
				SetLoadedEditorAssemblies (0ms)
				RefreshPlugins (30ms)
				BeforeProcessingInitializeOnLoad (55ms)
				ProcessInitializeOnLoadAttributes (176ms)
				ProcessInitializeOnLoadMethodAttributes (3ms)
				AfterProcessingInitializeOnLoad (5ms)
				EditorAssembliesLoaded (0ms)
			ExecutionOrderSort2 (0ms)
			AwakeInstancesAfterBackupRestoration (5ms)
Platform modules already initialized, skipping
========================================================================
Worker process is ready to serve import requests
Launched and connected shader compiler UnityShaderCompiler.exe after 0.04 seconds
Refreshing native plugins compatible for Editor in 0.40 ms, found 2 plugins.
Preloading 0 native plugins for Editor in 0.00 ms.
Unloading 1714 Unused Serialized files (Serialized files now loaded: 0)
System memory in use before: 78.6 MB.
System memory in use after: 78.6 MB.

Unloading 18 unused Assets to reduce memory usage. Loaded Objects now: 2152.
Total: 2.868800 ms (FindLiveObjects: 0.164900 ms CreateObjectMapping: 0.037200 ms MarkObjects: 2.600400 ms  DeleteObjects: 0.065200 ms)

AssetImportParameters requested are different than current active one (requested -> active):
  custom:framework-win-MediaFoundation: 216162199b28c13a410421893ffa2e32 -> 
  custom:video-decoder-ogg-theora: a1e56fd34408186e4bbccfd4996cb3dc -> 
  custom:container-muxer-webm: aa71ff27fc2769a1b78a27578f13a17b -> 
  custom:container-demuxer-webm: 4f35f7cbe854078d1ac9338744f61a02 -> 
  custom:container-demuxer-ogg: 62fdf1f143b41e24485cea50d1cbac27 -> 
  custom:video-encoder-webm-vp8: eb34c28f22e8b96e1ab97ce403110664 -> 
  custom:video-decoder-webm-vp8: 9c59270c3fd7afecdb556c50c9e8de78 -> 
  custom:audio-decoder-ogg-vorbis: bf7c407c2cedff20999df2af8eb42d56 -> 
  custom:audio-encoder-webm-vorbis: bf7c407c2cedff20999df2af8eb42d56 -> 
========================================================================
Received Import Request.
  path: Assets/Roll A Ball.inputactions
  artifactKey: Guid(c0367f0a6f79ff44897bc51e0a913092) Importer(815301076,1909f56bfc062723c751e8b465ee728b)
Start importing Assets/Roll A Ball.inputactions using Guid(c0367f0a6f79ff44897bc51e0a913092) Importer(815301076,1909f56bfc062723c751e8b465ee728b)  -> (artifact id: '83c9d8750a22912a39856ef82a379fa7') in 0.036253 seconds 
  Import took 0.040355 seconds .

========================================================================
Received Import Request.
  Time since last request: 88.976422 seconds.
  path: Assets/Input Actions.inputactions
  artifactKey: Guid(455199eec2cc748ada1ae54e21f763c5) Importer(815301076,1909f56bfc062723c751e8b465ee728b)
Start importing Assets/Input Actions.inputactions using Guid(455199eec2cc748ada1ae54e21f763c5) Importer(815301076,1909f56bfc062723c751e8b465ee728b)  -> (artifact id: 'b06b6164a2947b445071737b38c2fbd2') in 0.008266 seconds 
  Import took 0.011563 seconds .

========================================================================
Received Import Request.
  Time since last request: 101.461697 seconds.
  path: Assets/Roll A Ball.inputactions
  artifactKey: Guid(c0367f0a6f79ff44897bc51e0a913092) Importer(815301076,1909f56bfc062723c751e8b465ee728b)
Start importing Assets/Roll A Ball.inputactions using Guid(c0367f0a6f79ff44897bc51e0a913092) Importer(815301076,1909f56bfc062723c751e8b465ee728b)  -> (artifact id: 'a11682d4993dbe617208516c02db40c2') in 0.005047 seconds 
  Import took 0.008479 seconds .

========================================================================
Received Import Request.
  Time since last request: 257.624659 seconds.
  path: Assets/Scripts/Rotator.cs
  artifactKey: Guid(e97332ec2ad304dd4b1ef096c34f4bc1) Importer(815301076,1909f56bfc062723c751e8b465ee728b)
Start importing Assets/Scripts/Rotator.cs using Guid(e97332ec2ad304dd4b1ef096c34f4bc1) Importer(815301076,1909f56bfc062723c751e8b465ee728b)  -> (artifact id: 'e0adda59d05aa0e1cbb99437fac0528d') in 0.012934 seconds 
  Import took 0.016580 seconds .

========================================================================
Received Import Request.
  Time since last request: 90.077209 seconds.
  path: Assets/Scripts/PlayerController.cs
  artifactKey: Guid(291ee622dd52648b9982acf4ca278589) Importer(815301076,1909f56bfc062723c751e8b465ee728b)
Start importing Assets/Scripts/PlayerController.cs using Guid(291ee622dd52648b9982acf4ca278589) Importer(815301076,1909f56bfc062723c751e8b465ee728b)  -> (artifact id: '1459378dc5021ff8943e1b0383bc9698') in 0.005725 seconds 
  Import took 0.009097 seconds .

========================================================================
Received Import Request.
  Time since last request: 0.000710 seconds.
  path: Assets/Scripts/PlayerController.cs
  artifactKey: Guid(291ee622dd52648b9982acf4ca278589) Importer(815301076,1909f56bfc062723c751e8b465ee728b)
Start importing Assets/Scripts/PlayerController.cs using Guid(291ee622dd52648b9982acf4ca278589) Importer(815301076,1909f56bfc062723c751e8b465ee728b)  -> (artifact id: '1459378dc5021ff8943e1b0383bc9698') in 0.002359 seconds 
  Import took 0.005768 seconds .

AssetImportWorkerClient::OnTransportError - code=2 error=End of file
